<?xml version="1.0" encoding="UTF-8" ?>
<testsuite tests="3" failures="0" name="org.junitandmockito.ArraysCompareTest" time="0.022" errors="0" skipped="0">
  <properties>
[...]
</properties>
  <testcase classname="org.junitandmockito.ArraysCompareTest" name="testSort_Performance" time="0.022"/>
  <testcase classname="org.junitandmockito.ArraysCompareTest" name="testArraySort_NullArray" time="0"/>
  <testcase classname="org.junitandmockito.ArraysCompareTest" name="testArraySort_RandomArray" time="0"/>
</testsuite>