<?xml version="1.0" encoding="UTF-8" ?>
<testsuite tests="5" failures="0" name="org.junitandmockito.ListTest" time="0.096" errors="1" skipped="0">
  <properties>
[...]
</properties>
  <testcase classname="org.junitandmockito.ListTest" name="testMockListSizeMethod_ReturnMultipleValues" time="0.056"/>
  <testcase classname="org.junitandmockito.ListTest" name="testMockListGetMethod" time="0.017"/>
  <testcase classname="org.junitandmockito.ListTest" name="testMockList_MixArgumentMatcherWithHardCodedValue" time="0.019">
    <error message="
Invalid use of argument matchers!
2 matchers expected, 1 recorded:
-&gt; at org.junitandmockito.ListTest.testMockList_MixArgumentMatcherWithHardCodedValue(ListTest.java:65)

This exception may occur if matchers are combined with raw values:
    //incorrect:
    someMethod(any(), &quot;raw String&quot;);
When using matchers, all arguments have to be provided by matchers.
For example:
    //correct:
    someMethod(any(), eq(&quot;String by matcher&quot;));

For more info see javadoc for Matchers class.
" type="org.mockito.exceptions.misusing.InvalidUseOfMatchersException">org.mockito.exceptions.misusing.InvalidUseOfMatchersException: 
Invalid use of argument matchers!
2 matchers expected, 1 recorded:
-&gt; at org.junitandmockito.ListTest.testMockList_MixArgumentMatcherWithHardCodedValue(ListTest.java:65)

This exception may occur if matchers are combined with raw values:
    //incorrect:
    someMethod(any(), &quot;raw String&quot;);
When using matchers, all arguments have to be provided by matchers.
For example:
    //correct:
    someMethod(any(), eq(&quot;String by matcher&quot;));

For more info see javadoc for Matchers class.

	at org.junitandmockito.ListTest.testMockList_MixArgumentMatcherWithHardCodedValue(ListTest.java:65)
	at java.base/jdk.internal.reflect.NativeMethodAccessorImpl.invoke0(Native Method)
	at java.base/jdk.internal.reflect.NativeMethodAccessorImpl.invoke(NativeMethodAccessorImpl.java:77)
	at java.base/jdk.internal.reflect.DelegatingMethodAccessorImpl.invoke(DelegatingMethodAccessorImpl.java:43)
	at java.base/java.lang.reflect.Method.invoke(Method.java:568)
	at org.junit.runners.model.FrameworkMethod$1.runReflectiveCall(FrameworkMethod.java:50)
	at org.junit.internal.runners.model.ReflectiveCallable.run(ReflectiveCallable.java:12)
	at org.junit.runners.model.FrameworkMethod.invokeExplosively(FrameworkMethod.java:47)
	at org.junit.internal.runners.statements.InvokeMethod.evaluate(InvokeMethod.java:17)
	at org.junit.runners.ParentRunner.runLeaf(ParentRunner.java:325)
	at org.junit.runners.BlockJUnit4ClassRunner.runChild(BlockJUnit4ClassRunner.java:78)
	at org.junit.runners.BlockJUnit4ClassRunner.runChild(BlockJUnit4ClassRunner.java:57)
	at org.junit.runners.ParentRunner$3.run(ParentRunner.java:290)
	at org.junit.runners.ParentRunner$1.schedule(ParentRunner.java:71)
	at org.junit.runners.ParentRunner.runChildren(ParentRunner.java:288)
	at org.junit.runners.ParentRunner.access$000(ParentRunner.java:58)
	at org.junit.runners.ParentRunner$2.evaluate(ParentRunner.java:268)
	at org.junit.runners.ParentRunner.run(ParentRunner.java:363)
	at org.apache.maven.surefire.junit4.JUnit4Provider.execute(JUnit4Provider.java:252)
	at org.apache.maven.surefire.junit4.JUnit4Provider.executeTestSet(JUnit4Provider.java:141)
	at org.apache.maven.surefire.junit4.JUnit4Provider.invoke(JUnit4Provider.java:112)
	at java.base/jdk.internal.reflect.NativeMethodAccessorImpl.invoke0(Native Method)
	at java.base/jdk.internal.reflect.NativeMethodAccessorImpl.invoke(NativeMethodAccessorImpl.java:77)
	at java.base/jdk.internal.reflect.DelegatingMethodAccessorImpl.invoke(DelegatingMethodAccessorImpl.java:43)
	at java.base/java.lang.reflect.Method.invoke(Method.java:568)
	at org.apache.maven.surefire.util.ReflectionUtils.invokeMethodWithArray(ReflectionUtils.java:189)
	at org.apache.maven.surefire.booter.ProviderFactory$ProviderProxy.invoke(ProviderFactory.java:165)
	at org.apache.maven.surefire.booter.ProviderFactory.invokeProvider(ProviderFactory.java:85)
	at org.apache.maven.surefire.booter.ForkedBooter.runSuitesInProcess(ForkedBooter.java:115)
	at org.apache.maven.surefire.booter.ForkedBooter.main(ForkedBooter.java:75)
</error>
  </testcase>
  <testcase classname="org.junitandmockito.ListTest" name="testMockListGetMethod_ThrowsException" time="0.003"/>
  <testcase classname="org.junitandmockito.ListTest" name="testMockListGetMethod_usingBDD" time="0.001"/>
</testsuite>